[0m18:31:20.267543 [debug] [MainThread]: Sending event: {'category': 'dbt', 'action': 'invocation', 'label': 'start', 'context': [<snowplow_tracker.self_describing_json.SelfDescribingJson object at 0x7f94ddec2980>, <snowplow_tracker.self_describing_json.SelfDescribingJson object at 0x7f94dd41c910>, <snowplow_tracker.self_describing_json.SelfDescribingJson object at 0x7f94dd4312d0>]}


============================== 18:31:20.277313 | dba420af-829d-49c0-b586-2af6a6593bae ==============================
[0m18:31:20.277313 [info ] [MainThread]: Running with dbt=1.6.0
[0m18:31:20.278196 [debug] [MainThread]: running dbt with arguments {'printer_width': '80', 'indirect_selection': 'eager', 'write_json': 'True', 'log_cache_events': 'False', 'partial_parse': 'True', 'cache_selected_only': 'False', 'profiles_dir': '/home/vscode/.dbt', 'fail_fast': 'False', 'version_check': 'True', 'log_path': 'logs', 'debug': 'False', 'warn_error': 'None', 'use_colors': 'True', 'use_experimental_parser': 'False', 'no_print': 'None', 'quiet': 'False', 'warn_error_options': 'WarnErrorOptions(include=[], exclude=[])', 'introspect': 'True', 'static_parser': 'True', 'invocation_command': 'dbt init coffee_shop_quan', 'target_path': 'None', 'log_format': 'default', 'send_anonymous_usage_stats': 'True'}
[0m18:31:20.278955 [warn ] [MainThread]: [ConfigFolderDirectory]: Unable to parse dict {'dir': PosixPath('/home/vscode/.dbt')}
[0m18:31:20.279582 [info ] [MainThread]: Creating dbt configuration folder at 
[0m18:31:20.280746 [debug] [MainThread]: Starter project path: /home/vscode/.local/lib/python3.10/site-packages/dbt/include/starter_project
[0m18:31:20.288006 [info ] [MainThread]: 
Your new dbt project "coffee_shop_quan" was created!

For more information on how to configure the profiles.yml file,
please consult the dbt documentation here:

  https://docs.getdbt.com/docs/configure-your-profile

One more thing:

Need help? Don't hesitate to reach out to us via GitHub issues or on Slack:

  https://community.getdbt.com/

Happy modeling!

[0m18:31:20.288969 [info ] [MainThread]: Setting up your profile.
[0m18:32:02.385289 [info ] [MainThread]: Profile coffee_shop_quan written to /home/vscode/.dbt/profiles.yml using target's profile_template.yml and your supplied values. Run 'dbt debug' to validate the connection.
[0m18:32:02.387016 [debug] [MainThread]: Command `dbt init` succeeded at 18:32:02.386831 after 42.18 seconds
[0m18:32:02.387607 [debug] [MainThread]: Sending event: {'category': 'dbt', 'action': 'invocation', 'label': 'end', 'context': [<snowplow_tracker.self_describing_json.SelfDescribingJson object at 0x7f94ddec2980>, <snowplow_tracker.self_describing_json.SelfDescribingJson object at 0x7f94dd432dd0>, <snowplow_tracker.self_describing_json.SelfDescribingJson object at 0x7f94dd431450>]}
[0m18:32:02.388402 [debug] [MainThread]: Flushing usage events
